2024-04-30 13:07:31.015 -03:00  INF  Now listening on: http://localhost:5279
2024-04-30 13:07:31.181 -03:00  INF  Application started. Press Ctrl+C to shut down.
2024-04-30 13:07:31.183 -03:00  INF  Hosting environment: Development
2024-04-30 13:07:31.183 -03:00  INF  Content root path: D:\Gabi\Cursos\Angular + .NET\ABM_Clientes\AppClientes\AppClientes\AppClientes\
2024-04-30 13:07:34.625 -03:00  INF  Request starting HTTP/1.1 GET http://localhost:5279/swagger - -
2024-04-30 13:07:35.013 -03:00  INF  Request finished HTTP/1.1 GET http://localhost:5279/swagger - - - 301 0 - 396.2900ms
2024-04-30 13:07:35.227 -03:00  INF  Request starting HTTP/1.1 GET http://localhost:5279/swagger/index.html - -
2024-04-30 13:07:36.303 -03:00  INF  Request finished HTTP/1.1 GET http://localhost:5279/swagger/index.html - - - 200 - text/html;charset=utf-8 1075.8375ms
2024-04-30 13:07:36.314 -03:00  INF  Request starting HTTP/1.1 GET http://localhost:5279/swagger/swagger-ui.css - -
2024-04-30 13:07:36.332 -03:00  INF  Request starting HTTP/1.1 GET http://localhost:5279/swagger/swagger-ui-bundle.js - -
2024-04-30 13:07:36.354 -03:00  INF  Request starting HTTP/1.1 GET http://localhost:5279/swagger/swagger-ui-standalone-preset.js - -
2024-04-30 13:07:36.355 -03:00  INF  Request starting HTTP/1.1 GET http://localhost:5279/_framework/aspnetcore-browser-refresh.js - -
2024-04-30 13:07:36.367 -03:00  INF  Request finished HTTP/1.1 GET http://localhost:5279/_framework/aspnetcore-browser-refresh.js - - - 200 12006 application/javascript;+charset=utf-8 11.5660ms
2024-04-30 13:07:36.560 -03:00  INF  Request starting HTTP/1.1 GET http://localhost:5279/_vs/browserLink - -
2024-04-30 13:07:36.664 -03:00  INF  Sending file. Request path: '/swagger-ui-standalone-preset.js'. Physical path: 'N/A'
2024-04-30 13:07:36.665 -03:00  INF  Sending file. Request path: '/swagger-ui.css'. Physical path: 'N/A'
2024-04-30 13:07:36.665 -03:00  INF  Request finished HTTP/1.1 GET http://localhost:5279/swagger/swagger-ui-standalone-preset.js - - - 200 337162 application/javascript 310.8985ms
2024-04-30 13:07:36.665 -03:00  INF  Request finished HTTP/1.1 GET http://localhost:5279/swagger/swagger-ui.css - - - 200 143632 text/css 351.5124ms
2024-04-30 13:07:36.846 -03:00  INF  Request finished HTTP/1.1 GET http://localhost:5279/_vs/browserLink - - - 200 - text/javascript;+charset=UTF-8 286.5428ms
2024-04-30 13:07:36.877 -03:00  INF  Sending file. Request path: '/swagger-ui-bundle.js'. Physical path: 'N/A'
2024-04-30 13:07:36.877 -03:00  INF  Request finished HTTP/1.1 GET http://localhost:5279/swagger/swagger-ui-bundle.js - - - 200 1092889 application/javascript 549.5700ms
2024-04-30 13:07:37.496 -03:00  INF  Request starting HTTP/1.1 GET http://localhost:5279/swagger/v1/swagger.json - -
2024-04-30 13:07:37.505 -03:00  INF  Request starting HTTP/1.1 GET http://localhost:5279/swagger/favicon-32x32.png - -
2024-04-30 13:07:37.505 -03:00  INF  Sending file. Request path: '/favicon-32x32.png'. Physical path: 'N/A'
2024-04-30 13:07:37.505 -03:00  INF  Request finished HTTP/1.1 GET http://localhost:5279/swagger/favicon-32x32.png - - - 200 628 image/png 0.5738ms
2024-04-30 13:07:37.859 -03:00  INF  Request finished HTTP/1.1 GET http://localhost:5279/swagger/v1/swagger.json - - - 200 - application/json;charset=utf-8 362.1854ms
2024-04-30 13:08:04.177 -03:00  INF  Request starting HTTP/1.1 GET http://localhost:5279/api/Cliente/getClientes - -
2024-04-30 13:08:04.247 -03:00  INF  CORS policy execution successful.
2024-04-30 13:08:04.278 -03:00  INF  Executing endpoint 'AppClientes.Controllers.ClienteController.GetAll (AppClientes.WebAPI)'
2024-04-30 13:08:04.355 -03:00  INF  Route matched with {action = "GetAll", controller = "Cliente"}. Executing controller action with signature Microsoft.AspNetCore.Mvc.IActionResult GetAll() on controller AppClientes.Controllers.ClienteController (AppClientes.WebAPI).
2024-04-30 13:08:14.671 -03:00  INF  Executed DbCommand (146ms) [Parameters=[], CommandType='"Text"', CommandTimeout='30']
SELECT [c].[id], [c].[apellidos], [c].[cuit], [c].[domicilio], [c].[email], [c].[fecha_nac], [c].[nombres], [c].[telefono]
FROM [Cliente] AS [c]
2024-04-30 13:08:14.899 -03:00  INF  Executing OkObjectResult, writing value of type 'System.Collections.Generic.List`1[[AppClientes.Model.Entities.Cliente, AppClientes.Model, Version=1.0.0.0, Culture=neutral, PublicKeyToken=null]]'.
2024-04-30 13:08:14.945 -03:00  INF  Executed action AppClientes.Controllers.ClienteController.GetAll (AppClientes.WebAPI) in 10582.3658ms
2024-04-30 13:08:14.946 -03:00  INF  Executed endpoint 'AppClientes.Controllers.ClienteController.GetAll (AppClientes.WebAPI)'
2024-04-30 13:08:14.976 -03:00  INF  Request finished HTTP/1.1 GET http://localhost:5279/api/Cliente/getClientes - - - 200 - application/json;+charset=utf-8 10800.5149ms
2024-04-30 13:10:14.186 -03:00  INF  Request starting HTTP/1.1 GET http://localhost:5279/api/Cliente/getCliente?idCliente=3 - -
2024-04-30 13:10:14.198 -03:00  INF  CORS policy execution successful.
2024-04-30 13:10:14.199 -03:00  INF  Executing endpoint 'AppClientes.Controllers.ClienteController.GetId (AppClientes.WebAPI)'
2024-04-30 13:10:14.253 -03:00  INF  Route matched with {action = "GetId", controller = "Cliente"}. Executing controller action with signature Microsoft.AspNetCore.Mvc.IActionResult GetId(Int32) on controller AppClientes.Controllers.ClienteController (AppClientes.WebAPI).
2024-04-30 13:10:14.907 -03:00  INF  Executed DbCommand (209ms) [Parameters=[@__p_0='?' (DbType = Int32)], CommandType='"Text"', CommandTimeout='30']
SELECT TOP(1) [c].[id], [c].[apellidos], [c].[cuit], [c].[domicilio], [c].[email], [c].[fecha_nac], [c].[nombres], [c].[telefono]
FROM [Cliente] AS [c]
WHERE [c].[id] = @__p_0
2024-04-30 13:10:14.909 -03:00  INF  Executing OkObjectResult, writing value of type 'AppClientes.Model.Entities.Cliente'.
2024-04-30 13:10:14.910 -03:00  INF  Executed action AppClientes.Controllers.ClienteController.GetId (AppClientes.WebAPI) in 656.6482ms
2024-04-30 13:10:14.910 -03:00  INF  Executed endpoint 'AppClientes.Controllers.ClienteController.GetId (AppClientes.WebAPI)'
2024-04-30 13:10:14.910 -03:00  INF  Request finished HTTP/1.1 GET http://localhost:5279/api/Cliente/getCliente?idCliente=3 - - - 200 - application/json;+charset=utf-8 724.5131ms
2024-04-30 13:10:19.913 -03:00  INF  Request starting HTTP/1.1 OPTIONS http://localhost:5279/api/Cliente/updateCliente - -
2024-04-30 13:10:19.915 -03:00  INF  CORS policy execution successful.
2024-04-30 13:10:19.916 -03:00  INF  Request finished HTTP/1.1 OPTIONS http://localhost:5279/api/Cliente/updateCliente - - - 204 - - 3.0564ms
2024-04-30 13:10:19.926 -03:00  INF  Request starting HTTP/1.1 PUT http://localhost:5279/api/Cliente/updateCliente application/json 214
2024-04-30 13:10:19.926 -03:00  INF  CORS policy execution successful.
2024-04-30 13:10:19.926 -03:00  INF  Executing endpoint 'AppClientes.Controllers.ClienteController.UpdateCliente (AppClientes.WebAPI)'
2024-04-30 13:10:19.928 -03:00  INF  Route matched with {action = "UpdateCliente", controller = "Cliente"}. Executing controller action with signature Microsoft.AspNetCore.Mvc.IActionResult UpdateCliente(AppClientes.WebAPI.Models.ClienteUpdate) on controller AppClientes.Controllers.ClienteController (AppClientes.WebAPI).
2024-04-30 13:10:20.294 -03:00  INF  Executed DbCommand (15ms) [Parameters=[@__p_0='?' (DbType = Int32)], CommandType='"Text"', CommandTimeout='30']
SELECT TOP(1) [c].[id], [c].[apellidos], [c].[cuit], [c].[domicilio], [c].[email], [c].[fecha_nac], [c].[nombres], [c].[telefono]
FROM [Cliente] AS [c]
WHERE [c].[id] = @__p_0
2024-04-30 13:10:20.593 -03:00  INF  Executed DbCommand (40ms) [Parameters=[@p1='?' (DbType = Int32), @p0='?' (Size = 100) (DbType = AnsiString)], CommandType='"Text"', CommandTimeout='30']
SET IMPLICIT_TRANSACTIONS OFF;
SET NOCOUNT ON;
UPDATE [Cliente] SET [nombres] = @p0
OUTPUT 1
WHERE [id] = @p1;
2024-04-30 13:10:20.611 -03:00  INF  Executing OkObjectResult, writing value of type 'System.Boolean'.
2024-04-30 13:10:20.618 -03:00  INF  Executed action AppClientes.Controllers.ClienteController.UpdateCliente (AppClientes.WebAPI) in 690.4111ms
2024-04-30 13:10:20.619 -03:00  INF  Executed endpoint 'AppClientes.Controllers.ClienteController.UpdateCliente (AppClientes.WebAPI)'
2024-04-30 13:10:20.619 -03:00  INF  Request finished HTTP/1.1 PUT http://localhost:5279/api/Cliente/updateCliente application/json 214 - 200 - application/json;+charset=utf-8 693.0968ms
2024-04-30 13:10:20.624 -03:00  INF  Request starting HTTP/1.1 GET http://localhost:5279/api/Cliente/getCliente?idCliente=3 - -
2024-04-30 13:10:20.624 -03:00  INF  CORS policy execution successful.
2024-04-30 13:10:20.624 -03:00  INF  Executing endpoint 'AppClientes.Controllers.ClienteController.GetId (AppClientes.WebAPI)'
2024-04-30 13:10:20.625 -03:00  INF  Route matched with {action = "GetId", controller = "Cliente"}. Executing controller action with signature Microsoft.AspNetCore.Mvc.IActionResult GetId(Int32) on controller AppClientes.Controllers.ClienteController (AppClientes.WebAPI).
2024-04-30 13:10:20.628 -03:00  INF  Executed DbCommand (1ms) [Parameters=[@__p_0='?' (DbType = Int32)], CommandType='"Text"', CommandTimeout='30']
SELECT TOP(1) [c].[id], [c].[apellidos], [c].[cuit], [c].[domicilio], [c].[email], [c].[fecha_nac], [c].[nombres], [c].[telefono]
FROM [Cliente] AS [c]
WHERE [c].[id] = @__p_0
2024-04-30 13:10:20.628 -03:00  INF  Executing OkObjectResult, writing value of type 'AppClientes.Model.Entities.Cliente'.
2024-04-30 13:10:20.628 -03:00  INF  Executed action AppClientes.Controllers.ClienteController.GetId (AppClientes.WebAPI) in 3.7054ms
2024-04-30 13:10:20.628 -03:00  INF  Executed endpoint 'AppClientes.Controllers.ClienteController.GetId (AppClientes.WebAPI)'
2024-04-30 13:10:20.629 -03:00  INF  Request finished HTTP/1.1 GET http://localhost:5279/api/Cliente/getCliente?idCliente=3 - - - 200 - application/json;+charset=utf-8 4.4784ms
2024-04-30 13:10:23.368 -03:00  INF  Request starting HTTP/1.1 GET http://localhost:5279/api/Cliente/getCliente?idCliente=3 - -
2024-04-30 13:10:23.369 -03:00  INF  CORS policy execution successful.
2024-04-30 13:10:23.369 -03:00  INF  Executing endpoint 'AppClientes.Controllers.ClienteController.GetId (AppClientes.WebAPI)'
2024-04-30 13:10:23.369 -03:00  INF  Route matched with {action = "GetId", controller = "Cliente"}. Executing controller action with signature Microsoft.AspNetCore.Mvc.IActionResult GetId(Int32) on controller AppClientes.Controllers.ClienteController (AppClientes.WebAPI).
2024-04-30 13:10:23.376 -03:00  INF  Executed DbCommand (4ms) [Parameters=[@__p_0='?' (DbType = Int32)], CommandType='"Text"', CommandTimeout='30']
SELECT TOP(1) [c].[id], [c].[apellidos], [c].[cuit], [c].[domicilio], [c].[email], [c].[fecha_nac], [c].[nombres], [c].[telefono]
FROM [Cliente] AS [c]
WHERE [c].[id] = @__p_0
2024-04-30 13:10:23.376 -03:00  INF  Executing OkObjectResult, writing value of type 'AppClientes.Model.Entities.Cliente'.
2024-04-30 13:10:23.376 -03:00  INF  Executed action AppClientes.Controllers.ClienteController.GetId (AppClientes.WebAPI) in 7.0131ms
2024-04-30 13:10:23.376 -03:00  INF  Executed endpoint 'AppClientes.Controllers.ClienteController.GetId (AppClientes.WebAPI)'
2024-04-30 13:10:23.376 -03:00  INF  Request finished HTTP/1.1 GET http://localhost:5279/api/Cliente/getCliente?idCliente=3 - - - 200 - application/json;+charset=utf-8 8.0459ms
2024-04-30 13:28:35.470 -03:00  INF  Request starting HTTP/1.1 GET http://localhost:5279/api/Cliente/getClientes - -
2024-04-30 13:28:35.477 -03:00  INF  CORS policy execution successful.
2024-04-30 13:28:35.477 -03:00  INF  Executing endpoint 'AppClientes.Controllers.ClienteController.GetAll (AppClientes.WebAPI)'
2024-04-30 13:28:35.477 -03:00  INF  Route matched with {action = "GetAll", controller = "Cliente"}. Executing controller action with signature Microsoft.AspNetCore.Mvc.IActionResult GetAll() on controller AppClientes.Controllers.ClienteController (AppClientes.WebAPI).
2024-04-30 13:28:35.507 -03:00  INF  Executed DbCommand (1ms) [Parameters=[], CommandType='"Text"', CommandTimeout='30']
SELECT [c].[id], [c].[apellidos], [c].[cuit], [c].[domicilio], [c].[email], [c].[fecha_nac], [c].[nombres], [c].[telefono]
FROM [Cliente] AS [c]
2024-04-30 13:28:35.507 -03:00  INF  Executing OkObjectResult, writing value of type 'System.Collections.Generic.List`1[[AppClientes.Model.Entities.Cliente, AppClientes.Model, Version=1.0.0.0, Culture=neutral, PublicKeyToken=null]]'.
2024-04-30 13:28:35.507 -03:00  INF  Executed action AppClientes.Controllers.ClienteController.GetAll (AppClientes.WebAPI) in 30.0153ms
2024-04-30 13:28:35.507 -03:00  INF  Executed endpoint 'AppClientes.Controllers.ClienteController.GetAll (AppClientes.WebAPI)'
2024-04-30 13:28:35.507 -03:00  INF  Request finished HTTP/1.1 GET http://localhost:5279/api/Cliente/getClientes - - - 200 - application/json;+charset=utf-8 37.1236ms
2024-04-30 13:30:28.694 -03:00  INF  Request starting HTTP/1.1 GET http://localhost:5279/api/Cliente/getClientes - -
2024-04-30 13:30:28.695 -03:00  INF  CORS policy execution successful.
2024-04-30 13:30:28.695 -03:00  INF  Executing endpoint 'AppClientes.Controllers.ClienteController.GetAll (AppClientes.WebAPI)'
2024-04-30 13:30:28.695 -03:00  INF  Route matched with {action = "GetAll", controller = "Cliente"}. Executing controller action with signature Microsoft.AspNetCore.Mvc.IActionResult GetAll() on controller AppClientes.Controllers.ClienteController (AppClientes.WebAPI).
2024-04-30 13:30:28.709 -03:00  INF  Executed DbCommand (2ms) [Parameters=[], CommandType='"Text"', CommandTimeout='30']
SELECT [c].[id], [c].[apellidos], [c].[cuit], [c].[domicilio], [c].[email], [c].[fecha_nac], [c].[nombres], [c].[telefono]
FROM [Cliente] AS [c]
2024-04-30 13:30:28.709 -03:00  INF  Executing OkObjectResult, writing value of type 'System.Collections.Generic.List`1[[AppClientes.Model.Entities.Cliente, AppClientes.Model, Version=1.0.0.0, Culture=neutral, PublicKeyToken=null]]'.
2024-04-30 13:30:28.709 -03:00  INF  Executed action AppClientes.Controllers.ClienteController.GetAll (AppClientes.WebAPI) in 14.1587ms
2024-04-30 13:30:28.709 -03:00  INF  Executed endpoint 'AppClientes.Controllers.ClienteController.GetAll (AppClientes.WebAPI)'
2024-04-30 13:30:28.710 -03:00  INF  Request finished HTTP/1.1 GET http://localhost:5279/api/Cliente/getClientes - - - 200 - application/json;+charset=utf-8 15.2704ms
2024-04-30 14:41:48.935 -03:00  INF  Now listening on: http://localhost:5279
2024-04-30 14:41:49.029 -03:00  INF  Application started. Press Ctrl+C to shut down.
2024-04-30 14:41:49.030 -03:00  INF  Hosting environment: Development
2024-04-30 14:41:49.030 -03:00  INF  Content root path: D:\Gabi\Cursos\Angular + .NET\ABM_Clientes\AppClientes\AppClientes\AppClientes\
2024-04-30 14:41:50.249 -03:00  INF  Request starting HTTP/1.1 GET http://localhost:5279/swagger/index.html - -
2024-04-30 14:41:51.440 -03:00  INF  Request finished HTTP/1.1 GET http://localhost:5279/swagger/index.html - - - 200 - text/html;charset=utf-8 1204.0519ms
2024-04-30 14:41:51.494 -03:00  INF  Request starting HTTP/1.1 GET http://localhost:5279/_vs/browserLink - -
2024-04-30 14:41:51.501 -03:00  INF  Request starting HTTP/1.1 GET http://localhost:5279/_framework/aspnetcore-browser-refresh.js - -
2024-04-30 14:41:51.516 -03:00  INF  Request finished HTTP/1.1 GET http://localhost:5279/_framework/aspnetcore-browser-refresh.js - - - 200 12006 application/javascript;+charset=utf-8 14.8633ms
2024-04-30 14:41:51.638 -03:00  INF  Request finished HTTP/1.1 GET http://localhost:5279/_vs/browserLink - - - 200 - text/javascript;+charset=UTF-8 142.5578ms
2024-04-30 14:41:51.886 -03:00  INF  Request starting HTTP/1.1 GET http://localhost:5279/swagger/v1/swagger.json - -
2024-04-30 14:41:52.176 -03:00  INF  Request finished HTTP/1.1 GET http://localhost:5279/swagger/v1/swagger.json - - - 200 - application/json;charset=utf-8 290.0448ms
2024-04-30 14:41:57.268 -03:00  INF  Request starting HTTP/1.1 GET http://localhost:5279/api/Cliente/getClientes - -
2024-04-30 14:41:57.290 -03:00  INF  Executing endpoint 'AppClientes.Controllers.ClienteController.GetAll (AppClientes.WebAPI)'
2024-04-30 14:41:57.335 -03:00  INF  Route matched with {action = "GetAll", controller = "Cliente"}. Executing controller action with signature Microsoft.AspNetCore.Mvc.IActionResult GetAll() on controller AppClientes.Controllers.ClienteController (AppClientes.WebAPI).
2024-04-30 14:42:02.551 -03:00  INF  Executed DbCommand (326ms) [Parameters=[], CommandType='"Text"', CommandTimeout='30']
SELECT [c].[id], [c].[apellidos], [c].[cuit], [c].[domicilio], [c].[email], [c].[fecha_nac], [c].[nombres], [c].[telefono]
FROM [Cliente] AS [c]
2024-04-30 14:42:02.744 -03:00  INF  Executing OkObjectResult, writing value of type 'System.Collections.Generic.List`1[[AppClientes.Model.Entities.Cliente, AppClientes.Model, Version=1.0.0.0, Culture=neutral, PublicKeyToken=null]]'.
2024-04-30 14:42:02.812 -03:00  INF  Executed action AppClientes.Controllers.ClienteController.GetAll (AppClientes.WebAPI) in 5465.9961ms
2024-04-30 14:42:02.813 -03:00  INF  Executed endpoint 'AppClientes.Controllers.ClienteController.GetAll (AppClientes.WebAPI)'
2024-04-30 14:42:02.837 -03:00  INF  Request finished HTTP/1.1 GET http://localhost:5279/api/Cliente/getClientes - - - 200 - application/json;+charset=utf-8 5568.5152ms
