2024-05-02 16:30:21.174 -03:00  INF  Now listening on: http://localhost:5279
2024-05-02 16:30:21.272 -03:00  INF  Application started. Press Ctrl+C to shut down.
2024-05-02 16:30:21.274 -03:00  INF  Hosting environment: Development
2024-05-02 16:30:21.274 -03:00  INF  Content root path: D:\Gabi\Cursos\Angular + .NET\ABM_Clientes\AppClientes\AppClientes\AppClientes\
2024-05-02 16:30:22.678 -03:00  INF  Request starting HTTP/1.1 GET http://localhost:5279/swagger/index.html - -
2024-05-02 16:30:23.767 -03:00  INF  Request starting HTTP/1.1 GET http://localhost:5279/_framework/aspnetcore-browser-refresh.js - -
2024-05-02 16:30:23.775 -03:00  INF  Request finished HTTP/1.1 GET http://localhost:5279/_framework/aspnetcore-browser-refresh.js - - - 200 12006 application/javascript;+charset=utf-8 6.2652ms
2024-05-02 16:30:23.778 -03:00  INF  Request finished HTTP/1.1 GET http://localhost:5279/swagger/index.html - - - 200 - text/html;charset=utf-8 1114.0725ms
2024-05-02 16:30:24.040 -03:00  INF  Request starting HTTP/1.1 GET http://localhost:5279/_vs/browserLink - -
2024-05-02 16:30:24.210 -03:00  INF  Request finished HTTP/1.1 GET http://localhost:5279/_vs/browserLink - - - 200 - text/javascript;+charset=UTF-8 169.9530ms
2024-05-02 16:30:24.359 -03:00  INF  Request starting HTTP/1.1 GET http://localhost:5279/swagger/v1/swagger.json - -
2024-05-02 16:30:24.667 -03:00  INF  Request finished HTTP/1.1 GET http://localhost:5279/swagger/v1/swagger.json - - - 200 - application/json;charset=utf-8 307.6928ms
2024-05-02 22:46:30.221 -03:00  INF  Now listening on: http://localhost:5279
2024-05-02 22:46:30.303 -03:00  INF  Application started. Press Ctrl+C to shut down.
2024-05-02 22:46:30.305 -03:00  INF  Hosting environment: Development
2024-05-02 22:46:30.305 -03:00  INF  Content root path: D:\Gabi\Cursos\Angular + .NET\ABM_Clientes\AppClientes\AppClientes\AppClientes\
2024-05-02 22:46:31.861 -03:00  INF  Request starting HTTP/1.1 GET http://localhost:5279/swagger/index.html - -
2024-05-02 22:46:32.998 -03:00  INF  Request finished HTTP/1.1 GET http://localhost:5279/swagger/index.html - - - 200 - text/html;charset=utf-8 1148.7290ms
2024-05-02 22:46:33.098 -03:00  INF  Request starting HTTP/1.1 GET http://localhost:5279/_framework/aspnetcore-browser-refresh.js - -
2024-05-02 22:46:33.154 -03:00  INF  Request starting HTTP/1.1 GET http://localhost:5279/_vs/browserLink - -
2024-05-02 22:46:33.155 -03:00  INF  Request finished HTTP/1.1 GET http://localhost:5279/_framework/aspnetcore-browser-refresh.js - - - 200 12006 application/javascript;+charset=utf-8 57.3789ms
2024-05-02 22:46:33.268 -03:00  INF  Request finished HTTP/1.1 GET http://localhost:5279/_vs/browserLink - - - 200 - text/javascript;+charset=UTF-8 115.2835ms
2024-05-02 22:46:33.489 -03:00  INF  Request starting HTTP/1.1 GET http://localhost:5279/swagger/v1/swagger.json - -
2024-05-02 22:46:33.894 -03:00  INF  Request finished HTTP/1.1 GET http://localhost:5279/swagger/v1/swagger.json - - - 200 - application/json;charset=utf-8 405.0679ms
2024-05-02 22:46:40.259 -03:00  INF  Request starting HTTP/1.1 GET http://localhost:5279/api/Cliente/getClientes - -
2024-05-02 22:46:40.276 -03:00  INF  Executing endpoint 'AppClientes.Controllers.ClienteController.GetAll (AppClientes.WebAPI)'
2024-05-02 22:46:40.344 -03:00  INF  Route matched with {action = "GetAll", controller = "Cliente"}. Executing controller action with signature Microsoft.AspNetCore.Mvc.IActionResult GetAll() on controller AppClientes.Controllers.ClienteController (AppClientes.WebAPI).
2024-05-02 22:46:46.150 -03:00  INF  Executed DbCommand (52ms) [Parameters=[], CommandType='"Text"', CommandTimeout='30']
SELECT [c].[id], [c].[apellidos], [c].[cuit], [c].[domicilio], [c].[email], [c].[fecha_nac], [c].[nombres], [c].[telefono]
FROM [Cliente] AS [c]
2024-05-02 22:46:46.326 -03:00  INF  Executing OkObjectResult, writing value of type 'System.Collections.Generic.List`1[[AppClientes.Model.Entities.Cliente, AppClientes.Model, Version=1.0.0.0, Culture=neutral, PublicKeyToken=null]]'.
2024-05-02 22:46:46.371 -03:00  INF  Executed action AppClientes.Controllers.ClienteController.GetAll (AppClientes.WebAPI) in 6016.6374ms
2024-05-02 22:46:46.389 -03:00  INF  Executed endpoint 'AppClientes.Controllers.ClienteController.GetAll (AppClientes.WebAPI)'
2024-05-02 22:46:46.435 -03:00  INF  Request finished HTTP/1.1 GET http://localhost:5279/api/Cliente/getClientes - - - 200 - application/json;+charset=utf-8 6175.5650ms
2024-05-02 22:50:26.059 -03:00  INF  Now listening on: http://localhost:5279
2024-05-02 22:50:26.145 -03:00  INF  Application started. Press Ctrl+C to shut down.
2024-05-02 22:50:26.146 -03:00  INF  Hosting environment: Development
2024-05-02 22:50:26.147 -03:00  INF  Content root path: D:\Gabi\Cursos\Angular + .NET\ABM_Clientes\AppClientes\AppClientes\AppClientes\
2024-05-02 22:50:28.113 -03:00  INF  Request starting HTTP/1.1 GET http://localhost:5279/swagger/index.html - -
2024-05-02 22:50:30.064 -03:00  INF  Request finished HTTP/1.1 GET http://localhost:5279/swagger/index.html - - - 200 - text/html;charset=utf-8 1990.5054ms
2024-05-02 22:50:30.140 -03:00  INF  Request starting HTTP/1.1 GET http://localhost:5279/_vs/browserLink - -
2024-05-02 22:50:30.144 -03:00  INF  Request starting HTTP/1.1 GET http://localhost:5279/_framework/aspnetcore-browser-refresh.js - -
2024-05-02 22:50:30.186 -03:00  INF  Request finished HTTP/1.1 GET http://localhost:5279/_framework/aspnetcore-browser-refresh.js - - - 200 12006 application/javascript;+charset=utf-8 42.1095ms
2024-05-02 22:50:30.310 -03:00  INF  Request finished HTTP/1.1 GET http://localhost:5279/_vs/browserLink - - - 200 - text/javascript;+charset=UTF-8 169.6488ms
2024-05-02 22:50:30.446 -03:00  INF  Request starting HTTP/1.1 GET http://localhost:5279/swagger/v1/swagger.json - -
2024-05-02 22:50:30.782 -03:00  INF  Request finished HTTP/1.1 GET http://localhost:5279/swagger/v1/swagger.json - - - 200 - application/json;charset=utf-8 336.2579ms
2024-05-02 22:50:37.264 -03:00  INF  Request starting HTTP/1.1 GET http://localhost:5279/api/Cliente/getCliente?idCliente=3 - -
2024-05-02 22:50:37.283 -03:00  INF  Executing endpoint 'AppClientes.Controllers.ClienteController.GetId (AppClientes.WebAPI)'
2024-05-02 22:50:37.370 -03:00  INF  Route matched with {action = "GetId", controller = "Cliente"}. Executing controller action with signature Microsoft.AspNetCore.Mvc.IActionResult GetId(Int32) on controller AppClientes.Controllers.ClienteController (AppClientes.WebAPI).
2024-05-02 22:50:42.505 -03:00  INF  Executed DbCommand (247ms) [Parameters=[@__p_0='?' (DbType = Int32)], CommandType='"Text"', CommandTimeout='30']
SELECT TOP(1) [c].[id], [c].[apellidos], [c].[cuit], [c].[domicilio], [c].[email], [c].[fecha_nac], [c].[nombres], [c].[telefono]
FROM [Cliente] AS [c]
WHERE [c].[id] = @__p_0
2024-05-02 22:50:42.752 -03:00  INF  Executing OkObjectResult, writing value of type 'AppClientes.Model.Entities.Cliente'.
2024-05-02 22:50:42.801 -03:00  INF  Executed action AppClientes.Controllers.ClienteController.GetId (AppClientes.WebAPI) in 5416.8262ms
2024-05-02 22:50:42.804 -03:00  INF  Executed endpoint 'AppClientes.Controllers.ClienteController.GetId (AppClientes.WebAPI)'
2024-05-02 22:50:42.855 -03:00  INF  Request finished HTTP/1.1 GET http://localhost:5279/api/Cliente/getCliente?idCliente=3 - - - 200 - application/json;+charset=utf-8 5591.4961ms
2024-05-02 22:50:47.912 -03:00  INF  Request starting HTTP/1.1 GET http://localhost:5279/api/Cliente/getCliente?idCliente=0 - -
2024-05-02 22:50:47.919 -03:00  INF  Executing endpoint 'AppClientes.Controllers.ClienteController.GetId (AppClientes.WebAPI)'
2024-05-02 22:50:47.920 -03:00  INF  Route matched with {action = "GetId", controller = "Cliente"}. Executing controller action with signature Microsoft.AspNetCore.Mvc.IActionResult GetId(Int32) on controller AppClientes.Controllers.ClienteController (AppClientes.WebAPI).
2024-05-02 22:50:48.015 -03:00  INF  Executed DbCommand (4ms) [Parameters=[@__p_0='?' (DbType = Int32)], CommandType='"Text"', CommandTimeout='30']
SELECT TOP(1) [c].[id], [c].[apellidos], [c].[cuit], [c].[domicilio], [c].[email], [c].[fecha_nac], [c].[nombres], [c].[telefono]
FROM [Cliente] AS [c]
WHERE [c].[id] = @__p_0
2024-05-02 22:50:48.016 -03:00  INF  Executing OkObjectResult, writing value of type 'null'.
2024-05-02 22:50:48.016 -03:00  INF  Executed action AppClientes.Controllers.ClienteController.GetId (AppClientes.WebAPI) in 95.7833ms
2024-05-02 22:50:48.016 -03:00  INF  Executed endpoint 'AppClientes.Controllers.ClienteController.GetId (AppClientes.WebAPI)'
2024-05-02 22:50:48.017 -03:00  INF  Request finished HTTP/1.1 GET http://localhost:5279/api/Cliente/getCliente?idCliente=0 - - - 204 0 - 104.7971ms
2024-05-02 22:54:18.800 -03:00  INF  Now listening on: http://localhost:5279
2024-05-02 22:54:18.890 -03:00  INF  Application started. Press Ctrl+C to shut down.
2024-05-02 22:54:18.891 -03:00  INF  Hosting environment: Development
2024-05-02 22:54:18.891 -03:00  INF  Content root path: D:\Gabi\Cursos\Angular + .NET\ABM_Clientes\AppClientes\AppClientes\AppClientes\
2024-05-02 22:54:20.491 -03:00  INF  Request starting HTTP/1.1 GET http://localhost:5279/swagger/index.html - -
2024-05-02 22:54:21.618 -03:00  INF  Request finished HTTP/1.1 GET http://localhost:5279/swagger/index.html - - - 200 - text/html;charset=utf-8 1138.9980ms
2024-05-02 22:54:21.723 -03:00  INF  Request starting HTTP/1.1 GET http://localhost:5279/_vs/browserLink - -
2024-05-02 22:54:21.727 -03:00  INF  Request starting HTTP/1.1 GET http://localhost:5279/_framework/aspnetcore-browser-refresh.js - -
2024-05-02 22:54:21.820 -03:00  INF  Request finished HTTP/1.1 GET http://localhost:5279/_framework/aspnetcore-browser-refresh.js - - - 200 12006 application/javascript;+charset=utf-8 92.7857ms
2024-05-02 22:54:21.926 -03:00  INF  Request finished HTTP/1.1 GET http://localhost:5279/_vs/browserLink - - - 200 - text/javascript;+charset=UTF-8 202.7939ms
2024-05-02 22:54:22.112 -03:00  INF  Request starting HTTP/1.1 GET http://localhost:5279/swagger/v1/swagger.json - -
2024-05-02 22:54:22.467 -03:00  INF  Request finished HTTP/1.1 GET http://localhost:5279/swagger/v1/swagger.json - - - 200 - application/json;charset=utf-8 355.3877ms
2024-05-02 22:54:26.112 -03:00  INF  Request starting HTTP/1.1 GET http://localhost:5279/api/Cliente/getCliente?idCliente=0 - -
2024-05-02 22:54:26.127 -03:00  INF  Executing endpoint 'AppClientes.Controllers.ClienteController.GetId (AppClientes.WebAPI)'
2024-05-02 22:54:26.198 -03:00  INF  Route matched with {action = "GetId", controller = "Cliente"}. Executing controller action with signature Microsoft.AspNetCore.Mvc.IActionResult GetId(Int32) on controller AppClientes.Controllers.ClienteController (AppClientes.WebAPI).
2024-05-02 22:54:30.489 -03:00  INF  Executed DbCommand (213ms) [Parameters=[@__p_0='?' (DbType = Int32)], CommandType='"Text"', CommandTimeout='30']
SELECT TOP(1) [c].[id], [c].[apellidos], [c].[cuit], [c].[domicilio], [c].[email], [c].[fecha_nac], [c].[nombres], [c].[telefono]
FROM [Cliente] AS [c]
WHERE [c].[id] = @__p_0
2024-05-02 22:54:30.617 -03:00  INF  Executing ObjectResult, writing value of type 'Microsoft.AspNetCore.Mvc.ProblemDetails'.
2024-05-02 22:54:30.719 -03:00  INF  Executed action AppClientes.Controllers.ClienteController.GetId (AppClientes.WebAPI) in 4507.9218ms
2024-05-02 22:54:30.723 -03:00  INF  Executed endpoint 'AppClientes.Controllers.ClienteController.GetId (AppClientes.WebAPI)'
2024-05-02 22:54:30.762 -03:00  INF  Request finished HTTP/1.1 GET http://localhost:5279/api/Cliente/getCliente?idCliente=0 - - - 404 - application/problem+json;+charset=utf-8 4650.3325ms
